<?xml version="1.0" encoding="UTF-8"?>
<!-- Generated by org.testng.reporters.JUnitReportReporter -->
<testsuite hostname="LAPTOP-5S6JIIRU" failures="0" tests="1" name="com.venu.keywordDriven.tests.LoginTest" time="1.317" errors="0" timestamp="2023-12-05T21:35:13 IST" skipped="0">
  <testcase classname="com.venu.keywordDriven.tests.LoginTest" name="logintestMeth" time="1.317"/>
</testsuite> <!-- com.venu.keywordDriven.tests.LoginTest -->
